[13-May-2025 07:06:32 Asia/Manila] Error exporting users list: SQLSTATE[42S22]: Column not found: 1054 Unknown column 'role' in 'where clause'
[13-May-2025 07:11:54 Asia/Manila] Error exporting users list: SQLSTATE[42S22]: Column not found: 1054 Unknown column 'role' in 'where clause'
[13-May-2025 07:16:55 Asia/Manila] Error exporting users list: SQLSTATE[42S22]: Column not found: 1054 Unknown column 'role' in 'where clause'
[13-May-2025 01:17:17 Europe/Berlin] PHP Warning:  Cannot modify header information - headers already sent by (output started at C:\xampp\htdocs\git\bcrs-php\config\database.php:16) in C:\xampp\htdocs\git\bcrs-php\pages\admin\export_csv.php on line 47
[13-May-2025 01:17:17 Europe/Berlin] PHP Warning:  Cannot modify header information - headers already sent by (output started at C:\xampp\htdocs\git\bcrs-php\config\database.php:16) in C:\xampp\htdocs\git\bcrs-php\pages\admin\export_csv.php on line 48
[13-May-2025 01:17:17 Europe/Berlin] PHP Warning:  Cannot modify header information - headers already sent by (output started at C:\xampp\htdocs\git\bcrs-php\config\database.php:16) in C:\xampp\htdocs\git\bcrs-php\pages\admin\export_csv.php on line 49
[13-May-2025 01:17:17 Europe/Berlin] PHP Warning:  Cannot modify header information - headers already sent by (output started at C:\xampp\htdocs\git\bcrs-php\config\database.php:16) in C:\xampp\htdocs\git\bcrs-php\pages\admin\export_csv.php on line 50
[13-May-2025 01:17:17 Europe/Berlin] PHP Warning:  Cannot modify header information - headers already sent by (output started at C:\xampp\htdocs\git\bcrs-php\config\database.php:16) in C:\xampp\htdocs\git\bcrs-php\pages\admin\export_csv.php on line 51
[18-May-2025 23:37:28 Asia/Manila] Error exporting users list: SQLSTATE[42S22]: Column not found: 1054 Unknown column 'role' in 'where clause'
[18-May-2025 23:37:28 Asia/Manila] Error exporting users list: SQLSTATE[42S22]: Column not found: 1054 Unknown column 'role' in 'where clause'
[18-May-2025 23:41:54 Asia/Manila] Error exporting users list: SQLSTATE[42S22]: Column not found: 1054 Unknown column 'role' in 'where clause'
[18-May-2025 23:42:31 Asia/Manila] Error exporting users list: SQLSTATE[42S22]: Column not found: 1054 Unknown column 'role' in 'where clause'
[18-May-2025 23:45:30 Asia/Manila] Error exporting users list: SQLSTATE[42S22]: Column not found: 1054 Unknown column 'role' in 'where clause'
[18-May-2025 23:45:30 Asia/Manila] Error exporting users list: SQLSTATE[42S22]: Column not found: 1054 Unknown column 'role' in 'where clause'
[18-May-2025 23:49:56 Asia/Manila] Starting users_list export with filter: all, search: 
[18-May-2025 23:49:56 Asia/Manila] getUsersListReport called with filter: all, search: , field: all, sort: id desc
[18-May-2025 23:49:56 Asia/Manila] Final SQL query: SELECT id, first_name, last_name, email, contact_number, address, status, blacklisted, created_at FROM users WHERE role = 'user' ORDER BY id desc
[18-May-2025 23:49:56 Asia/Manila] Params: Array
(
)

[18-May-2025 23:49:56 Asia/Manila] Error exporting users list: SQLSTATE[42S22]: Column not found: 1054 Unknown column 'role' in 'where clause'
[18-May-2025 23:49:56 Asia/Manila] Query that failed: SELECT id, first_name, last_name, email, contact_number, address, status, blacklisted, created_at FROM users WHERE role = 'user' ORDER BY id desc
[18-May-2025 23:49:56 Asia/Manila] Starting users_list export with filter: all, search: 
[18-May-2025 23:49:56 Asia/Manila] getUsersListReport called with filter: all, search: , field: all, sort: id desc
[18-May-2025 23:49:56 Asia/Manila] Final SQL query: SELECT id, first_name, last_name, email, contact_number, address, status, blacklisted, created_at FROM users WHERE role = 'user' ORDER BY id desc
[18-May-2025 23:49:56 Asia/Manila] Params: Array
(
)

[18-May-2025 23:49:56 Asia/Manila] Error exporting users list: SQLSTATE[42S22]: Column not found: 1054 Unknown column 'role' in 'where clause'
[18-May-2025 23:49:56 Asia/Manila] Query that failed: SELECT id, first_name, last_name, email, contact_number, address, status, blacklisted, created_at FROM users WHERE role = 'user' ORDER BY id desc
